<?xml version="1.0" encoding="UTF-8"?>
<testng-results ignored="0" total="1" passed="1" failed="0" skipped="0">
  <reporter-output>
  </reporter-output>
  <suite started-at="2023-11-02T09:31:02 IST" name="Default suite" finished-at="2023-11-02T09:32:10 IST" duration-ms="68533">
    <groups>
    </groups>
    <test started-at="2023-11-02T09:31:02 IST" name="Default test" finished-at="2023-11-02T09:32:10 IST" duration-ms="68533">
      <class name="TestNG.StandAloneTest">
        <test-method signature="StandAloneTest()[pri:0, instance:TestNG.StandAloneTest@77888435]" started-at="2023-11-02T09:31:02 IST" name="StandAloneTest" finished-at="2023-11-02T09:32:10 IST" duration-ms="68464" status="PASS">
          <reporter-output>
          </reporter-output>
        </test-method> <!-- StandAloneTest -->
      </class> <!-- TestNG.StandAloneTest -->
    </test> <!-- Default test -->
  </suite> <!-- Default suite -->
</testng-results>
