<?xml version="1.0" encoding="UTF-8"?>
<!-- Generated by org.testng.reporters.JUnitXMLReporter -->
<testsuite ignored="0" hostname="DESKTOP-3D4B5NI" failures="1" tests="6" name="my Test" time="0.182" errors="0" timestamp="2023-10-11T10:33:31 IST">
  <testcase classname="TestNG.Class1" name="Abhi" time="0.029">
    <failure type="java.lang.AssertionError" message="expected [true] but found [false]">
      <![CDATA[java.lang.AssertionError: expected [true] but found [false]
at TestNG.Class1.Abhi(Class1.java:18)
at java.base/java.util.ArrayList.forEach(ArrayList.java:1511)
... Removed 29 stack frames]]>
    </failure>
  </testcase> <!-- Abhi -->
  <testcase classname="TestNG.Class1" name="Ashu" time="0.014"/>
  <testcase classname="TestNG.Class1" name="Ashu" time="0.003"/>
  <testcase classname="TestNG.Class1" name="Ashu" time="0.005"/>
  <testcase classname="TestNG.Class2" name="Guru" time="0.006"/>
  <testcase classname="TestNG.Class2" name="Mahadev" time="0.004"/>
</testsuite> <!-- my Test -->
