<?xml version="1.0" encoding="UTF-8"?>
<testng-results ignored="0" total="1" passed="1" failed="0" skipped="0">
  <reporter-output>
  </reporter-output>
  <suite started-at="2024-06-01T10:11:43 IST" name="Default suite" finished-at="2024-06-01T10:11:46 IST" duration-ms="2087">
    <groups>
    </groups>
    <test started-at="2024-06-01T10:11:43 IST" name="Default test" finished-at="2024-06-01T10:11:46 IST" duration-ms="2087">
      <class name="PageObjectModel.LoginTest">
        <test-method signature="testLogin()[pri:0, instance:PageObjectModel.LoginTest@757194dc]" started-at="2024-06-01T10:11:44 IST" name="testLogin" finished-at="2024-06-01T10:11:45 IST" duration-ms="1968" status="PASS">
          <reporter-output>
          </reporter-output>
        </test-method> <!-- testLogin -->
      </class> <!-- PageObjectModel.LoginTest -->
    </test> <!-- Default test -->
  </suite> <!-- Default suite -->
</testng-results>
