<?xml version="1.0" encoding="UTF-8"?>
<!-- Generated by org.testng.reporters.JUnitXMLReporter -->
<testsuite ignored="0" hostname="DESKTOP-3D4B5NI" failures="1" tests="3" name="Test" time="6.047" errors="0" timestamp="2024-05-31T09:09:47 IST">
  <testcase classname="PractiseTestNG.ParallelTesting" name="login" time="5.889"/>
  <testcase classname="PractiseTestNG.ParallelTesting" name="testAppUrl" time="0.027">
    <failure type="junit.framework.ComparisonFailure" message="expected:&amp;lt;...?route=account/login[]&amp;gt; but was:&amp;lt;...?route=account/login[..]&amp;gt;">
      <![CDATA[junit.framework.ComparisonFailure: expected:<...?route=account/login[]> but was:<...?route=account/login[..]>
at junit.framework.Assert.assertEquals(Assert.java:100)
at junit.framework.Assert.assertEquals(Assert.java:107)
at PractiseTestNG.ParallelTesting.testAppUrl(ParallelTesting.java:50)
at java.base/java.util.ArrayList.forEach(ArrayList.java:1511)
... Removed 25 stack frames]]>
    </failure>
  </testcase> <!-- testAppUrl -->
  <testcase classname="PractiseTestNG.ParallelTesting" name="testHomePageTittle" time="0.0">
    <skipped/>
  </testcase> <!-- testHomePageTittle -->
</testsuite> <!-- Test -->
