<?xml version="1.0" encoding="UTF-8"?>
<testng-results ignored="0" total="1" passed="1" failed="0" skipped="0">
  <reporter-output>
  </reporter-output>
  <suite started-at="2024-03-15T08:19:11 IST" name="Default suite" finished-at="2024-03-15T08:19:14 IST" duration-ms="2469">
    <groups>
    </groups>
    <test started-at="2024-03-15T08:19:11 IST" name="Default test" finished-at="2024-03-15T08:19:14 IST" duration-ms="2469">
      <class name="package1.sumValidation">
        <test-method signature="sumOfCourses()[pri:0, instance:package1.sumValidation@3c19aaa5]" started-at="2024-03-15T08:19:12 IST" name="sumOfCourses" finished-at="2024-03-15T08:19:14 IST" duration-ms="2381" status="PASS">
          <reporter-output>
          </reporter-output>
        </test-method> <!-- sumOfCourses -->
      </class> <!-- package1.sumValidation -->
    </test> <!-- Default test -->
  </suite> <!-- Default suite -->
</testng-results>
