<?xml version="1.0" encoding="UTF-8"?>
<!-- Generated by org.testng.reporters.JUnitXMLReporter -->
<testsuite ignored="5" hostname="DESKTOP-3D4B5NI" failures="0" tests="3" name="All Group Test" time="0.126" errors="0" timestamp="2024-05-29T07:59:18 IST">
  <testcase classname="PractiseTestNG.LoginTest" name="loginByEmail" time="0.019"/>
  <testcase classname="PractiseTestNG.LoginTest" name="loginByFacebook" time="0.006"/>
  <testcase classname="PractiseTestNG.LoginTest" name="loginByInsta" time="0.006"/>
  <testcase classname="PractiseTestNG.LogoutTest" name="logoutByFacbook" time="0.0">
    <ignored/>
  </testcase> <!-- logoutByFacbook -->
  <testcase classname="PractiseTestNG.LogoutTest" name="logoutByEmail" time="0.0">
    <ignored/>
  </testcase> <!-- logoutByEmail -->
  <testcase classname="PractiseTestNG.LogoutTest" name="logoutByInsta" time="0.0">
    <ignored/>
  </testcase> <!-- logoutByInsta -->
  <testcase classname="PractiseTestNG.PaymentInOption" name="paymentByGooglePay" time="0.0">
    <ignored/>
  </testcase> <!-- paymentByGooglePay -->
  <testcase classname="PractiseTestNG.PaymentInOption" name="paymentByUpi" time="0.0">
    <ignored/>
  </testcase> <!-- paymentByUpi -->
</testsuite> <!-- All Group Test -->
